Arguments: 
  /usr/bin/node /usr/share/yarn/bin/yarn.js

PATH: 
  /usr/local/sbin:/usr/local/bin:/usr/sbin:/usr/bin:/sbin:/bin:/usr/games:/usr/local/games:/snap/bin

Yarn version: 
  1.19.1

Node version: 
  11.15.0

Platform: 
  linux x64

Trace: 
  SyntaxError: /home/gaurav/Desktop/self-projects/ecommerce/client/package.json: Unexpected token } in JSON at position 389
      at JSON.parse (<anonymous>)
      at /usr/share/yarn/lib/cli.js:1625:59
      at Generator.next (<anonymous>)
      at step (/usr/share/yarn/lib/cli.js:304:30)
      at /usr/share/yarn/lib/cli.js:315:13

npm manifest: 
  {
    "name": "eccomerce",
    "version": "1.0.0",
    "description": "",
    "main": "index.js",
    "scripts": {
      "clean": "rimraf dist",
      "build": "npm run clean && webpack",
      "serve": "webpack-dev-server"
    },
    "repository": "https://github.com/StephenGrider/WebpackProject",
    "author": "",
    "license": "ISC",
    "dependencies": {
      "react": "15.4.1",
      "react-dom": "15.4.1",
  
    },
    "devDependencies": {
      "babel-core": "^6.17.0",
      "babel-loader": "^6.2.0",
      "babel-preset-env": "^1.1.4",
      "babel-preset-react": "^6.16.0",
      "css-loader": "^0.26.1",
      "html-webpack-plugin": "^3.2.0",
      "rimraf": "^2.6.3",
      "style-loader": "^0.13.1",
      "webpack": "2.2.0-rc.0",
      "webpack-dev-server": "^2.2.0-rc.0"
    }
  }

yarn manifest: 
  No manifest

Lockfile: 
  No lockfile
